<?xml version="1.0" encoding="UTF-8"?>
<!-- Generated by org.testng.reporters.JUnitReportReporter -->
<testsuite hostname="DESKTOP-2MEM3GD" failures="0" tests="2" name="StepDefinitions.TestRunner" time="27.214" errors="0" timestamp="2022-06-16T06:11:25 PDT" skipped="0">
  <testcase classname="StepDefinitions.TestRunner" name="runScenario" time="12.217"/>
  <system-out/>
  <testcase classname="StepDefinitions.TestRunner" name="runScenario" time="14.997"/>
  <system-out/>
</testsuite> <!-- StepDefinitions.TestRunner -->
